Start testing: Mar 26 20:16 EDT
----------------------------------------------------------
1/10 Testing: test_decoder
1/10 Test: test_decoder
Command: "/Users/colinbaird/Projects/GPU/sim/build/tests/test_decoder"
Directory: /Users/colinbaird/Projects/GPU/sim/build/tests
"test_decoder" start time: Mar 26 20:16 EDT
Output:
----------------------------------------------------------
===============================================================================
All tests passed (109 assertions in 24 test cases)

<end of output>
Test time =   0.21 sec
----------------------------------------------------------
Test Passed.
"test_decoder" end time: Mar 26 20:16 EDT
"test_decoder" time elapsed: 00:00:00
----------------------------------------------------------

2/10 Testing: test_alu
2/10 Test: test_alu
Command: "/Users/colinbaird/Projects/GPU/sim/build/tests/test_alu"
Directory: /Users/colinbaird/Projects/GPU/sim/build/tests
"test_alu" start time: Mar 26 20:16 EDT
Output:
----------------------------------------------------------
===============================================================================
All tests passed (60 assertions in 30 test cases)

<end of output>
Test time =   0.28 sec
----------------------------------------------------------
Test Passed.
"test_alu" end time: Mar 26 20:16 EDT
"test_alu" time elapsed: 00:00:00
----------------------------------------------------------

3/10 Testing: test_functional
3/10 Test: test_functional
Command: "/Users/colinbaird/Projects/GPU/sim/build/tests/test_functional"
Directory: /Users/colinbaird/Projects/GPU/sim/build/tests
"test_functional" start time: Mar 26 20:16 EDT
Output:
----------------------------------------------------------
===============================================================================
All tests passed (436 assertions in 16 test cases)

<end of output>
Test time =  11.24 sec
----------------------------------------------------------
Test Passed.
"test_functional" end time: Mar 26 20:16 EDT
"test_functional" time elapsed: 00:00:11
----------------------------------------------------------

4/10 Testing: test_scoreboard
4/10 Test: test_scoreboard
Command: "/Users/colinbaird/Projects/GPU/sim/build/tests/test_scoreboard"
Directory: /Users/colinbaird/Projects/GPU/sim/build/tests
"test_scoreboard" start time: Mar 26 20:16 EDT
Output:
----------------------------------------------------------
===============================================================================
All tests passed (51 assertions in 9 test cases)

<end of output>
Test time =   0.23 sec
----------------------------------------------------------
Test Passed.
"test_scoreboard" end time: Mar 26 20:16 EDT
"test_scoreboard" time elapsed: 00:00:00
----------------------------------------------------------

5/10 Testing: test_cache
5/10 Test: test_cache
Command: "/Users/colinbaird/Projects/GPU/sim/build/tests/test_cache"
Directory: /Users/colinbaird/Projects/GPU/sim/build/tests
"test_cache" start time: Mar 26 20:16 EDT
Output:
----------------------------------------------------------
===============================================================================
All tests passed (35 assertions in 7 test cases)

<end of output>
Test time =   0.18 sec
----------------------------------------------------------
Test Passed.
"test_cache" end time: Mar 26 20:16 EDT
"test_cache" time elapsed: 00:00:00
----------------------------------------------------------

6/10 Testing: test_coalescing
6/10 Test: test_coalescing
Command: "/Users/colinbaird/Projects/GPU/sim/build/tests/test_coalescing"
Directory: /Users/colinbaird/Projects/GPU/sim/build/tests
"test_coalescing" start time: Mar 26 20:16 EDT
Output:
----------------------------------------------------------
===============================================================================
All tests passed (8 assertions in 3 test cases)

<end of output>
Test time =   0.19 sec
----------------------------------------------------------
Test Passed.
"test_coalescing" end time: Mar 26 20:16 EDT
"test_coalescing" time elapsed: 00:00:00
----------------------------------------------------------

7/10 Testing: test_warp_scheduler
7/10 Test: test_warp_scheduler
Command: "/Users/colinbaird/Projects/GPU/sim/build/tests/test_warp_scheduler"
Directory: /Users/colinbaird/Projects/GPU/sim/build/tests
"test_warp_scheduler" start time: Mar 26 20:16 EDT
Output:
----------------------------------------------------------
===============================================================================
All tests passed (24 assertions in 8 test cases)

<end of output>
Test time =  11.03 sec
----------------------------------------------------------
Test Passed.
"test_warp_scheduler" end time: Mar 26 20:16 EDT
"test_warp_scheduler" time elapsed: 00:00:11
----------------------------------------------------------

8/10 Testing: test_branch
8/10 Test: test_branch
Command: "/Users/colinbaird/Projects/GPU/sim/build/tests/test_branch"
Directory: /Users/colinbaird/Projects/GPU/sim/build/tests
"test_branch" start time: Mar 26 20:16 EDT
Output:
----------------------------------------------------------
===============================================================================
All tests passed (11 assertions in 4 test cases)

<end of output>
Test time =   3.63 sec
----------------------------------------------------------
Test Passed.
"test_branch" end time: Mar 26 20:17 EDT
"test_branch" time elapsed: 00:00:03
----------------------------------------------------------

9/10 Testing: test_panic
9/10 Test: test_panic
Command: "/Users/colinbaird/Projects/GPU/sim/build/tests/test_panic"
Directory: /Users/colinbaird/Projects/GPU/sim/build/tests
"test_panic" start time: Mar 26 20:17 EDT
Output:
----------------------------------------------------------
===============================================================================
All tests passed (17 assertions in 4 test cases)

<end of output>
Test time =   3.07 sec
----------------------------------------------------------
Test Passed.
"test_panic" end time: Mar 26 20:17 EDT
"test_panic" time elapsed: 00:00:03
----------------------------------------------------------

10/10 Testing: test_integration
10/10 Test: test_integration
Command: "/Users/colinbaird/Projects/GPU/sim/build/tests/test_integration"
Directory: /Users/colinbaird/Projects/GPU/sim/build/tests
"test_integration" start time: Mar 26 20:17 EDT
Output:
----------------------------------------------------------
Timing model: max cycles reached (1000)
Timing model: max cycles reached (100)
===============================================================================
All tests passed (82 assertions in 19 test cases)

<end of output>
Test time =  28.45 sec
----------------------------------------------------------
Test Passed.
"test_integration" end time: Mar 26 20:17 EDT
"test_integration" time elapsed: 00:00:28
----------------------------------------------------------

End testing: Mar 26 20:17 EDT
